2023-08-12T23:16:54.678+05:30  INFO 16848 --- [restartedMain] com.gehlot.StandaloneApplication         : Starting StandaloneApplication using Java 20.0.1 with PID 16848 (D:\Rahul\All in 2023\AllinOne2023\springboot\standalone-application\target\classes started by 91917 in D:\Rahul\All in 2023\AllinOne2023\springboot\standalone-application)
2023-08-12T23:16:54.681+05:30  INFO 16848 --- [restartedMain] com.gehlot.StandaloneApplication         : No active profile set, falling back to 1 default profile: "default"
2023-08-12T23:16:54.746+05:30  INFO 16848 --- [restartedMain] .e.DevToolsPropertyDefaultsPostProcessor : Devtools property defaults active! Set 'spring.devtools.add-properties' to 'false' to disable
2023-08-12T23:16:54.747+05:30  INFO 16848 --- [restartedMain] .e.DevToolsPropertyDefaultsPostProcessor : For additional web related logging consider setting the 'logging.level.web' property to 'DEBUG'
2023-08-12T23:16:56.198+05:30  INFO 16848 --- [restartedMain] .s.d.r.c.RepositoryConfigurationDelegate : Bootstrapping Spring Data JPA repositories in DEFAULT mode.
2023-08-12T23:16:56.280+05:30  INFO 16848 --- [restartedMain] .s.d.r.c.RepositoryConfigurationDelegate : Finished Spring Data repository scanning in 65 ms. Found 1 JPA repository interfaces.
2023-08-12T23:16:57.156+05:30  INFO 16848 --- [restartedMain] o.s.b.w.embedded.tomcat.TomcatWebServer  : Tomcat initialized with port(s): 8080 (http)
2023-08-12T23:16:57.168+05:30  INFO 16848 --- [restartedMain] o.apache.catalina.core.StandardService   : Starting service [Tomcat]
2023-08-12T23:16:57.169+05:30  INFO 16848 --- [restartedMain] o.apache.catalina.core.StandardEngine    : Starting Servlet engine: [Apache Tomcat/10.1.11]
2023-08-12T23:16:57.236+05:30  INFO 16848 --- [restartedMain] o.a.c.c.C.[Tomcat].[localhost].[/]       : Initializing Spring embedded WebApplicationContext
2023-08-12T23:16:57.237+05:30  INFO 16848 --- [restartedMain] w.s.c.ServletWebServerApplicationContext : Root WebApplicationContext: initialization completed in 2490 ms
2023-08-12T23:16:57.333+05:30  INFO 16848 --- [restartedMain] com.zaxxer.hikari.HikariDataSource       : HikariPool-1 - Starting...
2023-08-12T23:16:57.506+05:30  INFO 16848 --- [restartedMain] com.zaxxer.hikari.pool.HikariPool        : HikariPool-1 - Added connection conn0: url=jdbc:h2:mem:d23aad30-7a54-4ce7-8cba-307f55ab7aef user=SA
2023-08-12T23:16:57.508+05:30  INFO 16848 --- [restartedMain] com.zaxxer.hikari.HikariDataSource       : HikariPool-1 - Start completed.
2023-08-12T23:16:57.517+05:30  INFO 16848 --- [restartedMain] o.s.b.a.h2.H2ConsoleAutoConfiguration    : H2 console available at '/h2-console'. Database available at 'jdbc:h2:mem:d23aad30-7a54-4ce7-8cba-307f55ab7aef'
2023-08-12T23:16:57.942+05:30  INFO 16848 --- [restartedMain] o.s.o.j.p.SpringPersistenceUnitInfo      : No LoadTimeWeaver setup: ignoring JPA class transformer
2023-08-12T23:16:58.826+05:30  INFO 16848 --- [restartedMain] j.LocalContainerEntityManagerFactoryBean : Initialized JPA EntityManagerFactory for persistence unit 'default'
2023-08-12T23:16:59.111+05:30  WARN 16848 --- [restartedMain] JpaBaseConfiguration$JpaWebConfiguration : spring.jpa.open-in-view is enabled by default. Therefore, database queries may be performed during view rendering. Explicitly configure spring.jpa.open-in-view to disable this warning
2023-08-12T23:16:59.736+05:30  INFO 16848 --- [restartedMain] o.s.b.d.a.OptionalLiveReloadServer       : LiveReload server is running on port 35729
2023-08-12T23:16:59.826+05:30  INFO 16848 --- [restartedMain] o.s.b.w.embedded.tomcat.TomcatWebServer  : Tomcat started on port(s): 8080 (http) with context path ''
2023-08-12T23:16:59.923+05:30  INFO 16848 --- [restartedMain] o.s.b.w.embedded.tomcat.TomcatWebServer  : Tomcat initialized with port(s): 8081 (http)
2023-08-12T23:16:59.926+05:30  INFO 16848 --- [restartedMain] o.apache.catalina.core.StandardService   : Starting service [Tomcat]
2023-08-12T23:16:59.926+05:30  INFO 16848 --- [restartedMain] o.apache.catalina.core.StandardEngine    : Starting Servlet engine: [Apache Tomcat/10.1.11]
2023-08-12T23:16:59.948+05:30  INFO 16848 --- [restartedMain] o.a.c.c.C.[Tomcat-1].[localhost].[/]     : Initializing Spring embedded WebApplicationContext
2023-08-12T23:16:59.948+05:30  INFO 16848 --- [restartedMain] w.s.c.ServletWebServerApplicationContext : Root WebApplicationContext: initialization completed in 118 ms
2023-08-12T23:16:59.968+05:30  INFO 16848 --- [restartedMain] o.s.b.a.e.web.EndpointLinksResolver      : Exposing 14 endpoint(s) beneath base path '/actuator'
2023-08-12T23:17:00.019+05:30  INFO 16848 --- [restartedMain] o.s.b.w.embedded.tomcat.TomcatWebServer  : Tomcat started on port(s): 8081 (http) with context path ''
2023-08-12T23:17:00.044+05:30  INFO 16848 --- [restartedMain] com.gehlot.StandaloneApplication         : Started StandaloneApplication in 5.73 seconds (process running for 6.113)
2023-08-12T23:18:16.748+05:30  INFO 16848 --- [SpringApplicationShutdownHook] j.LocalContainerEntityManagerFactoryBean : Closing JPA EntityManagerFactory for persistence unit 'default'
2023-08-12T23:18:16.967+05:30  WARN 16848 --- [SpringApplicationShutdownHook] o.s.b.f.support.DisposableBeanAdapter    : Invocation of destroy method failed on bean with name 'inMemoryDatabaseShutdownExecutor': org.h2.jdbc.JdbcSQLNonTransientConnectionException: Database is already closed (to disable automatic closing at VM shutdown, add ";DB_CLOSE_ON_EXIT=FALSE" to the db URL) [90121-214]
2023-08-12T23:18:16.967+05:30  INFO 16848 --- [SpringApplicationShutdownHook] com.zaxxer.hikari.HikariDataSource       : HikariPool-1 - Shutdown initiated...
2023-08-12T23:18:16.967+05:30  INFO 16848 --- [SpringApplicationShutdownHook] com.zaxxer.hikari.HikariDataSource       : HikariPool-1 - Shutdown completed.
